<?xml version="1.0" encoding="UTF-8"?>
<!DOCTYPE suite SYSTEM "http://testng.org/testng-1.0.dtd" >
<suite name="Suite" parallel="false">
	<test name="daoTest">
		<packages>
			<package name="idv.testing.persistence.dao.*" />
		</packages>
	</test>
	<test name="webappTest">
		<packages>
			<package name="idv.testing.webapp.*" />
		</packages>
	</test>   
</suite> <!-- Suite -->
